tools/mid2agb/mid2agb sound/songs/midi/se_rain.mid sound/songs/midi/se_rain.s -E -R50 -G_rs_sfx_2 -V080 -P2
arm-none-eabi-as -mcpu=arm7tdmi -march=armv4t -meabi=5 --defsym MODERN=1 -I sound -o build/modern/sound/songs/midi/se_rain.o sound/songs/midi/se_rain.s
tools/mid2agb/mid2agb sound/songs/midi/se_rain_stop.mid sound/songs/midi/se_rain_stop.s -E -R50 -G_rs_sfx_2 -V080 -P2
arm-none-eabi-as -mcpu=arm7tdmi -march=armv4t -meabi=5 --defsym MODERN=1 -I sound -o build/modern/sound/songs/midi/se_rain_stop.o sound/songs/midi/se_rain_stop.s
tools/mid2agb/mid2agb sound/songs/midi/se_repel.mid sound/songs/midi/se_repel.s -E -R50 -G_rs_sfx_1 -V090 -P4
arm-none-eabi-as -mcpu=arm7tdmi -march=armv4t -meabi=5 --defsym MODERN=1 -I sound -o build/modern/sound/songs/midi/se_repel.o sound/songs/midi/se_repel.s
tools/mid2agb/mid2agb sound/songs/midi/se_rg_bag_cursor.mid sound/songs/midi/se_rg_bag_cursor.s -E -R50 -G_frlg_sfx -P5
arm-none-eabi-as -mcpu=arm7tdmi -march=armv4t -meabi=5 --defsym MODERN=1 -I sound -o build/modern/sound/songs/midi/se_rg_bag_cursor.o sound/songs/midi/se_rg_bag_cursor.s
tools/mid2agb/mid2agb sound/songs/midi/se_rg_bag_pocket.mid sound/songs/midi/se_rg_bag_pocket.s -E -R50 -G_frlg_sfx -P5
arm-none-eabi-as -mcpu=arm7tdmi -march=armv4t -meabi=5 --defsym MODERN=1 -I sound -o build/modern/sound/songs/midi/se_rg_bag_pocket.o sound/songs/midi/se_rg_bag_pocket.s
tools/mid2agb/mid2agb sound/songs/midi/se_rg_ball_click.mid sound/songs/midi/se_rg_ball_click.s -E -R50 -G_frlg_sfx -V100 -P5
arm-none-eabi-as -mcpu=arm7tdmi -march=armv4t -meabi=5 --defsym MODERN=1 -I sound -o build/modern/sound/songs/midi/se_rg_ball_click.o sound/songs/midi/se_rg_ball_click.s
tools/mid2agb/mid2agb sound/songs/midi/se_rg_card_flip.mid sound/songs/midi/se_rg_card_flip.s -E -R50 -G_frlg_sfx -P5
arm-none-eabi-as -mcpu=arm7tdmi -march=armv4t -meabi=5 --defsym MODERN=1 -I sound -o build/modern/sound/songs/midi/se_rg_card_flip.o sound/songs/midi/se_rg_card_flip.s
tools/mid2agb/mid2agb sound/songs/midi/se_rg_card_flipping.mid sound/songs/midi/se_rg_card_flipping.s -E -R50 -G_frlg_sfx -P5
arm-none-eabi-as -mcpu=arm7tdmi -march=armv4t -meabi=5 --defsym MODERN=1 -I sound -o build/modern/sound/songs/midi/se_rg_card_flipping.o sound/songs/midi/se_rg_card_flipping.s
tools/mid2agb/mid2agb sound/songs/midi/se_rg_card_open.mid sound/songs/midi/se_rg_card_open.s -E -R50 -G_frlg_sfx -V112 -P5
arm-none-eabi-as -mcpu=arm7tdmi -march=armv4t -meabi=5 --defsym MODERN=1 -I sound -o build/modern/sound/songs/midi/se_rg_card_open.o sound/songs/midi/se_rg_card_open.s
tools/mid2agb/mid2agb sound/songs/midi/se_rg_deoxys_move.mid sound/songs/midi/se_rg_deoxys_move.s -E -R50 -G_frlg_sfx -V080 -P5
arm-none-eabi-as -mcpu=arm7tdmi -march=armv4t -meabi=5 --defsym MODERN=1 -I sound -o build/modern/sound/songs/midi/se_rg_deoxys_move.o sound/songs/midi/se_rg_deoxys_move.s
tools/mid2agb/mid2agb sound/songs/midi/se_rg_door.mid sound/songs/midi/se_rg_door.s -E -R50 -G_frlg_sfx -V100 -P5
arm-none-eabi-as -mcpu=arm7tdmi -march=armv4t -meabi=5 --defsym MODERN=1 -I sound -o build/modern/sound/songs/midi/se_rg_door.o sound/songs/midi/se_rg_door.s
tools/mid2agb/mid2agb sound/songs/midi/se_rg_help_close.mid sound/songs/midi/se_rg_help_close.s -E -R50 -G_frlg_sfx -V095 -P5
arm-none-eabi-as -mcpu=arm7tdmi -march=armv4t -meabi=5 --defsym MODERN=1 -I sound -o build/modern/sound/songs/midi/se_rg_help_close.o sound/songs/midi/se_rg_help_close.s
tools/mid2agb/mid2agb sound/songs/midi/se_rg_help_error.mid sound/songs/midi/se_rg_help_error.s -E -R50 -G_frlg_sfx -V125 -P5
arm-none-eabi-as -mcpu=arm7tdmi -march=armv4t -meabi=5 --defsym MODERN=1 -I sound -o build/modern/sound/songs/midi/se_rg_help_error.o sound/songs/midi/se_rg_help_error.s
tools/mid2agb/mid2agb sound/songs/midi/se_rg_help_open.mid sound/songs/midi/se_rg_help_open.s -E -R50 -G_frlg_sfx -V096 -P5
arm-none-eabi-as -mcpu=arm7tdmi -march=armv4t -meabi=5 --defsym MODERN=1 -I sound -o build/modern/sound/songs/midi/se_rg_help_open.o sound/songs/midi/se_rg_help_open.s
tools/mid2agb/mid2agb sound/songs/midi/se_rg_poke_jump_failure.mid sound/songs/midi/se_rg_poke_jump_failure.s -E -R50 -G_rs_sfx_1 -P5
arm-none-eabi-as -mcpu=arm7tdmi -march=armv4t -meabi=5 --defsym MODERN=1 -I sound -o build/modern/sound/songs/midi/se_rg_poke_jump_failure.o sound/songs/midi/se_rg_poke_jump_failure.s
tools/mid2agb/mid2agb sound/songs/midi/se_rg_poke_jump_success.mid sound/songs/midi/se_rg_poke_jump_success.s -E -R50 -G_rs_sfx_2 -V110 -P5
arm-none-eabi-as -mcpu=arm7tdmi -march=armv4t -meabi=5 --defsym MODERN=1 -I sound -o build/modern/sound/songs/midi/se_rg_poke_jump_success.o sound/songs/midi/se_rg_poke_jump_success.s
tools/mid2agb/mid2agb sound/songs/midi/se_rg_shop.mid sound/songs/midi/se_rg_shop.s -E -R50 -G_frlg_sfx -V080 -P5
arm-none-eabi-as -mcpu=arm7tdmi -march=armv4t -meabi=5 --defsym MODERN=1 -I sound -o build/modern/sound/songs/midi/se_rg_shop.o sound/songs/midi/se_rg_shop.s
tools/mid2agb/mid2agb sound/songs/midi/se_rg_ss_anne_horn.mid sound/songs/midi/se_rg_ss_anne_horn.s -E -R50 -G_frlg_sfx -V096 -P5
arm-none-eabi-as -mcpu=arm7tdmi -march=armv4t -meabi=5 --defsym MODERN=1 -I sound -o build/modern/sound/songs/midi/se_rg_ss_anne_horn.o sound/songs/midi/se_rg_ss_anne_horn.s
tools/mid2agb/mid2agb sound/songs/midi/se_rotating_gate.mid sound/songs/midi/se_rotating_gate.s -E -R50 -G_rs_sfx_2 -V090 -P4
arm-none-eabi-as -mcpu=arm7tdmi -march=armv4t -meabi=5 --defsym MODERN=1 -I sound -o build/modern/sound/songs/midi/se_rotating_gate.o sound/songs/midi/se_rotating_gate.s
tools/mid2agb/mid2agb sound/songs/midi/se_roulette_ball.mid sound/songs/midi/se_roulette_ball.s -E -R50 -G_rs_sfx_2 -V110 -P2
arm-none-eabi-as -mcpu=arm7tdmi -march=armv4t -meabi=5 --defsym MODERN=1 -I sound -o build/modern/sound/songs/midi/se_roulette_ball.o sound/songs/midi/se_roulette_ball.s
tools/mid2agb/mid2agb sound/songs/midi/se_roulette_ball2.mid sound/songs/midi/se_roulette_ball2.s -E -R50 -G_rs_sfx_2 -V110 -P2
arm-none-eabi-as -mcpu=arm7tdmi -march=armv4t -meabi=5 --defsym MODERN=1 -I sound -o build/modern/sound/songs/midi/se_roulette_ball2.o sound/songs/midi/se_roulette_ball2.s
tools/mid2agb/mid2agb sound/songs/midi/se_save.mid sound/songs/midi/se_save.s -E -R50 -G_rs_sfx_2 -V080 -P5
arm-none-eabi-as -mcpu=arm7tdmi -march=armv4t -meabi=5 --defsym MODERN=1 -I sound -o build/modern/sound/songs/midi/se_save.o sound/songs/midi/se_save.s
tools/mid2agb/mid2agb sound/songs/midi/se_select.mid sound/songs/midi/se_select.s -E -R50 -G_rs_sfx_1 -V080 -P5
arm-none-eabi-as -mcpu=arm7tdmi -march=armv4t -meabi=5 --defsym MODERN=1 -I sound -o build/modern/sound/songs/midi/se_select.o sound/songs/midi/se_select.s
tools/mid2agb/mid2agb sound/songs/midi/se_shiny.mid sound/songs/midi/se_shiny.s -E -R50 -G_rs_sfx_2 -V095 -P5
arm-none-eabi-as -mcpu=arm7tdmi -march=armv4t -meabi=5 --defsym MODERN=1 -I sound -o build/modern/sound/songs/midi/se_shiny.o sound/songs/midi/se_shiny.s
tools/mid2agb/mid2agb sound/songs/midi/se_ship.mid sound/songs/midi/se_ship.s -E -R50 -G_rs_sfx_1 -V075 -P4
arm-none-eabi-as -mcpu=arm7tdmi -march=armv4t -meabi=5 --defsym MODERN=1 -I sound -o build/modern/sound/songs/midi/se_ship.o sound/songs/midi/se_ship.s
tools/mid2agb/mid2agb sound/songs/midi/se_shop.mid sound/songs/midi/se_shop.s -E -R50 -G_rs_sfx_1 -V090 -P5
arm-none-eabi-as -mcpu=arm7tdmi -march=armv4t -meabi=5 --defsym MODERN=1 -I sound -o build/modern/sound/songs/midi/se_shop.o sound/songs/midi/se_shop.s
tools/mid2agb/mid2agb sound/songs/midi/se_sliding_door.mid sound/songs/midi/se_sliding_door.s -E -R50 -G_rs_sfx_2 -V095 -P4
arm-none-eabi-as -mcpu=arm7tdmi -march=armv4t -meabi=5 --defsym MODERN=1 -I sound -o build/modern/sound/songs/midi/se_sliding_door.o sound/songs/midi/se_sliding_door.s
tools/mid2agb/mid2agb sound/songs/midi/se_success.mid sound/songs/midi/se_success.s -E -R50 -G_rs_sfx_1 -V080 -P4
arm-none-eabi-as -mcpu=arm7tdmi -march=armv4t -meabi=5 --defsym MODERN=1 -I sound -o build/modern/sound/songs/midi/se_success.o sound/songs/midi/se_success.s
tools/mid2agb/mid2agb sound/songs/midi/se_sudowoodo_shake.mid sound/songs/midi/se_sudowoodo_shake.s -E -R50 -G_frlg_sfx -V077 -P5
arm-none-eabi-as -mcpu=arm7tdmi -march=armv4t -meabi=5 --defsym MODERN=1 -I sound -o build/modern/sound/songs/midi/se_sudowoodo_shake.o sound/songs/midi/se_sudowoodo_shake.s
tools/mid2agb/mid2agb sound/songs/midi/se_super_effective.mid sound/songs/midi/se_super_effective.s -E -R50 -G_rs_sfx_1 -V110 -P5
arm-none-eabi-as -mcpu=arm7tdmi -march=armv4t -meabi=5 --defsym MODERN=1 -I sound -o build/modern/sound/songs/midi/se_super_effective.o sound/songs/midi/se_super_effective.s
tools/mid2agb/mid2agb sound/songs/midi/se_switch.mid sound/songs/midi/se_switch.s -E -R50 -G_rs_sfx_1 -V100 -P4
arm-none-eabi-as -mcpu=arm7tdmi -march=armv4t -meabi=5 --defsym MODERN=1 -I sound -o build/modern/sound/songs/midi/se_switch.o sound/songs/midi/se_switch.s
tools/mid2agb/mid2agb sound/songs/midi/se_taillow_wing_flap.mid sound/songs/midi/se_taillow_wing_flap.s -E -R50 -G_rs_sfx_2 -V105 -P5
arm-none-eabi-as -mcpu=arm7tdmi -march=armv4t -meabi=5 --defsym MODERN=1 -I sound -o build/modern/sound/songs/midi/se_taillow_wing_flap.o sound/songs/midi/se_taillow_wing_flap.s
tools/mid2agb/mid2agb sound/songs/midi/se_thunder.mid sound/songs/midi/se_thunder.s -E -R50 -G_rs_sfx_2 -V110 -P3
arm-none-eabi-as -mcpu=arm7tdmi -march=armv4t -meabi=5 --defsym MODERN=1 -I sound -o build/modern/sound/songs/midi/se_thunder.o sound/songs/midi/se_thunder.s
tools/mid2agb/mid2agb sound/songs/midi/se_thunder2.mid sound/songs/midi/se_thunder2.s -E -R50 -G_rs_sfx_2 -V110 -P3
arm-none-eabi-as -mcpu=arm7tdmi -march=armv4t -meabi=5 --defsym MODERN=1 -I sound -o build/modern/sound/songs/midi/se_thunder2.o sound/songs/midi/se_thunder2.s
tools/mid2agb/mid2agb sound/songs/midi/se_thunderstorm.mid sound/songs/midi/se_thunderstorm.s -E -R50 -G_rs_sfx_2 -V080 -P2
arm-none-eabi-as -mcpu=arm7tdmi -march=armv4t -meabi=5 --defsym MODERN=1 -I sound -o build/modern/sound/songs/midi/se_thunderstorm.o sound/songs/midi/se_thunderstorm.s
tools/mid2agb/mid2agb sound/songs/midi/se_thunderstorm_stop.mid sound/songs/midi/se_thunderstorm_stop.s -E -R50 -G_rs_sfx_2 -V080 -P2
arm-none-eabi-as -mcpu=arm7tdmi -march=armv4t -meabi=5 --defsym MODERN=1 -I sound -o build/modern/sound/songs/midi/se_thunderstorm_stop.o sound/songs/midi/se_thunderstorm_stop.s
tools/mid2agb/mid2agb sound/songs/midi/se_truck_door.mid sound/songs/midi/se_truck_door.s -E -R50 -G_rs_sfx_2 -V110 -P4
arm-none-eabi-as -mcpu=arm7tdmi -march=armv4t -meabi=5 --defsym MODERN=1 -I sound -o build/modern/sound/songs/midi/se_truck_door.o sound/songs/midi/se_truck_door.s
tools/mid2agb/mid2agb sound/songs/midi/se_truck_move.mid sound/songs/midi/se_truck_move.s -E -R50 -G_rs_sfx_2 -P4
arm-none-eabi-as -mcpu=arm7tdmi -march=armv4t -meabi=5 --defsym MODERN=1 -I sound -o build/modern/sound/songs/midi/se_truck_move.o sound/songs/midi/se_truck_move.s
tools/mid2agb/mid2agb sound/songs/midi/se_truck_stop.mid sound/songs/midi/se_truck_stop.s -E -R50 -G_rs_sfx_2 -P4
arm-none-eabi-as -mcpu=arm7tdmi -march=armv4t -meabi=5 --defsym MODERN=1 -I sound -o build/modern/sound/songs/midi/se_truck_stop.o sound/songs/midi/se_truck_stop.s
tools/mid2agb/mid2agb sound/songs/midi/se_truck_unload.mid sound/songs/midi/se_truck_unload.s -E -R50 -G_rs_sfx_1 -P4
arm-none-eabi-as -mcpu=arm7tdmi -march=armv4t -meabi=5 --defsym MODERN=1 -I sound -o build/modern/sound/songs/midi/se_truck_unload.o sound/songs/midi/se_truck_unload.s
tools/mid2agb/mid2agb sound/songs/midi/se_u.mid sound/songs/midi/se_u.s -E -R50 -G_rs_sfx_2 -P4
arm-none-eabi-as -mcpu=arm7tdmi -march=armv4t -meabi=5 --defsym MODERN=1 -I sound -o build/modern/sound/songs/midi/se_u.o sound/songs/midi/se_u.s
tools/mid2agb/mid2agb sound/songs/midi/se_unlock.mid sound/songs/midi/se_unlock.s -E -R50 -G_rs_sfx_2 -V100 -P4
arm-none-eabi-as -mcpu=arm7tdmi -march=armv4t -meabi=5 --defsym MODERN=1 -I sound -o build/modern/sound/songs/midi/se_unlock.o sound/songs/midi/se_unlock.s
tools/mid2agb/mid2agb sound/songs/midi/se_use_item.mid sound/songs/midi/se_use_item.s -E -R50 -G_rs_sfx_1 -V100 -P5
arm-none-eabi-as -mcpu=arm7tdmi -march=armv4t -meabi=5 --defsym MODERN=1 -I sound -o build/modern/sound/songs/midi/se_use_item.o sound/songs/midi/se_use_item.s
tools/mid2agb/mid2agb sound/songs/midi/se_vend.mid sound/songs/midi/se_vend.s -E -R50 -G_rs_sfx_2 -V110 -P4
arm-none-eabi-as -mcpu=arm7tdmi -march=armv4t -meabi=5 --defsym MODERN=1 -I sound -o build/modern/sound/songs/midi/se_vend.o sound/songs/midi/se_vend.s
tools/mid2agb/mid2agb sound/songs/midi/se_warp_in.mid sound/songs/midi/se_warp_in.s -E -R50 -G_rs_sfx_1 -V090 -P4
arm-none-eabi-as -mcpu=arm7tdmi -march=armv4t -meabi=5 --defsym MODERN=1 -I sound -o build/modern/sound/songs/midi/se_warp_in.o sound/songs/midi/se_warp_in.s
tools/mid2agb/mid2agb sound/songs/midi/se_warp_out.mid sound/songs/midi/se_warp_out.s -E -R50 -G_rs_sfx_1 -V090 -P4
arm-none-eabi-as -mcpu=arm7tdmi -march=armv4t -meabi=5 --defsym MODERN=1 -I sound -o build/modern/sound/songs/midi/se_warp_out.o sound/songs/midi/se_warp_out.s
Memory region         Used Size  Region Size  %age Used
           EWRAM:      227932 B       256 KB     86.95%
           IWRAM:       28689 B        32 KB     87.55%
             ROM:    24823336 B        32 MB     73.98%
cd build/modern && arm-none-eabi-ld -Map ../../pokeemerald.map --print-memory-usage --gc-sections -T ../../ld_script_modern.ld -o ../../pokeemerald.elf <objs> <libs> | cat
tools/gbafix/gbafix pokeemerald.elf -t"POKEMON EMER" -cBPEE -m01 -r0 --silent
arm-none-eabi-objcopy -O binary pokeemerald.elf pokeemerald.gba
tools/gbafix/gbafix pokeemerald.gba -p --silent
